<?xml version="1.0" encoding="UTF-8"?>
<!-- Generated by org.testng.reporters.JUnitReportReporter -->
<testsuite hostname="LAPTOP-7DJ18U3D" failures="0" tests="2" name="com.qa.testcases.LaptopPageTest" time="28.094" errors="0" timestamp="2022-11-25T00:15:05 IST" skipped="0">
  <testcase classname="com.qa.testcases.LaptopPageTest" name="LaptopPageTitleTest" time="10.072"/>
  <system-out/>
  <testcase classname="com.qa.testcases.LaptopPageTest" name="LaptopPageLClick" time="18.022"/>
  <system-out/>
</testsuite> <!-- com.qa.testcases.LaptopPageTest -->
