<?xml version="1.0" encoding="UTF-8"?>
<!-- Generated by org.testng.reporters.JUnitReportReporter -->
<testsuite hostname="LAPTOP-7DJ18U3D" failures="0" tests="2" name="com.qa.testcases.LaptopPageTest" time="37.535" errors="0" timestamp="2022-11-26T15:28:49 IST" skipped="0">
  <testcase classname="com.qa.testcases.LaptopPageTest" name="LaptopPageTitleTest" time="15.459"/>
  <system-out/>
  <testcase classname="com.qa.testcases.LaptopPageTest" name="LaptopPageLClick" time="22.076"/>
  <system-out/>
</testsuite> <!-- com.qa.testcases.LaptopPageTest -->
