<?xml version="1.0" encoding="UTF-8"?>
<!-- Generated by org.testng.reporters.JUnitReportReporter -->
<testsuite hostname="LAPTOP-7DJ18U3D" failures="0" tests="3" name="com.qa.testcases.LoginPageTest" time="16.594" errors="0" timestamp="2022-11-26T12:15:58 IST" skipped="0">
  <testcase classname="com.qa.testcases.LoginPageTest" name="loginPageTitleTest" time="3.919"/>
  <system-out/>
  <testcase classname="com.qa.testcases.LoginPageTest" name="verifyLOGOTest" time="2.858"/>
  <system-out/>
  <testcase classname="com.qa.testcases.LoginPageTest" name="loginTest" time="9.817"/>
  <system-out/>
</testsuite> <!-- com.qa.testcases.LoginPageTest -->
