<?xml version="1.0" encoding="UTF-8"?>
<!-- Generated by org.testng.reporters.JUnitReportReporter -->
<testsuite hostname="LAPTOP-7DJ18U3D" failures="0" tests="2" name="com.qa.testcases.HomePageTest" time="20.449" errors="0" timestamp="2022-11-26T10:57:21 IST" skipped="0">
  <testcase classname="com.qa.testcases.HomePageTest" name="homePageTitleTest" time="4.399"/>
  <system-out/>
  <testcase classname="com.qa.testcases.HomePageTest" name="HomePageClick" time="16.050"/>
  <system-out/>
</testsuite> <!-- com.qa.testcases.HomePageTest -->
