<?xml version="1.0" encoding="UTF-8"?>
<!-- Generated by org.testng.reporters.JUnitReportReporter -->
<testsuite hostname="LAPTOP-7DJ18U3D" failures="0" tests="2" name="com.qa.testcases.CheckoutPageTest" time="38.270" errors="0" timestamp="2022-11-25T23:42:28 IST" skipped="0">
  <testcase classname="com.qa.testcases.CheckoutPageTest" name="CheckOutPageTitleTest" time="11.045"/>
  <system-out/>
  <testcase classname="com.qa.testcases.CheckoutPageTest" name="CheckoutPageLAddInformation" time="27.225"/>
  <system-out/>
</testsuite> <!-- com.qa.testcases.CheckoutPageTest -->
