<?xml version="1.0" encoding="UTF-8"?>
<!-- Generated by org.testng.reporters.JUnitReportReporter -->
<testsuite hostname="LAPTOP-7DJ18U3D" failures="0" tests="3" name="com.qa.testcases.LoginPageTest" time="17.930" errors="0" timestamp="2022-11-25T00:15:05 IST" skipped="0">
  <testcase classname="com.qa.testcases.LoginPageTest" name="loginPageTitleTest" time="3.349"/>
  <system-out/>
  <testcase classname="com.qa.testcases.LoginPageTest" name="verifyLOGOTest" time="3.772"/>
  <system-out/>
  <testcase classname="com.qa.testcases.LoginPageTest" name="loginTest" time="10.809"/>
  <system-out/>
</testsuite> <!-- com.qa.testcases.LoginPageTest -->
