<?xml version="1.0" encoding="UTF-8"?>
<!-- Generated by org.testng.reporters.JUnitReportReporter -->
<testsuite hostname="LAPTOP-7DJ18U3D" failures="0" tests="3" name="com.qa.testcases.LoginPageTest" time="38.565" errors="0" timestamp="2022-11-26T15:28:49 IST" skipped="0">
  <testcase classname="com.qa.testcases.LoginPageTest" name="loginPageTitleTest" time="10.148"/>
  <system-out/>
  <testcase classname="com.qa.testcases.LoginPageTest" name="verifyLOGOTest" time="10.183"/>
  <system-out/>
  <testcase classname="com.qa.testcases.LoginPageTest" name="loginTest" time="18.234"/>
  <system-out/>
</testsuite> <!-- com.qa.testcases.LoginPageTest -->
