<?xml version="1.0" encoding="UTF-8"?>
<!-- Generated by org.testng.reporters.JUnitReportReporter -->
<testsuite hostname="LAPTOP-7DJ18U3D" failures="0" tests="2" name="com.qa.testcases.LaptopPageTest" time="21.727" errors="0" timestamp="2022-11-26T12:15:58 IST" skipped="0">
  <testcase classname="com.qa.testcases.LaptopPageTest" name="LaptopPageTitleTest" time="8.072"/>
  <system-out/>
  <testcase classname="com.qa.testcases.LaptopPageTest" name="LaptopPageLClick" time="13.655"/>
  <system-out/>
</testsuite> <!-- com.qa.testcases.LaptopPageTest -->
