<?xml version="1.0" encoding="UTF-8"?>
<!-- Generated by org.testng.reporters.JUnitReportReporter -->
<testsuite hostname="LAPTOP-7DJ18U3D" failures="0" tests="2" name="com.qa.testcases.CheckoutPageTest" time="29.863" errors="0" timestamp="2022-11-26T12:15:58 IST" skipped="0">
  <testcase classname="com.qa.testcases.CheckoutPageTest" name="CheckOutPageTitleTest" time="9.719"/>
  <system-out/>
  <testcase classname="com.qa.testcases.CheckoutPageTest" name="CheckoutPageLAddInformation" time="20.144"/>
  <system-out/>
</testsuite> <!-- com.qa.testcases.CheckoutPageTest -->
