<?xml version="1.0" encoding="UTF-8"?>
<!-- Generated by org.testng.reporters.JUnitReportReporter -->
<testsuite hostname="LAPTOP-7DJ18U3D" failures="0" tests="3" name="com.qa.testcases.LoginPageTest" time="19.358" errors="0" timestamp="2022-11-26T16:11:31 IST" skipped="0">
  <testcase classname="com.qa.testcases.LoginPageTest" name="loginPageTitleTest" time="4.666"/>
  <system-out/>
  <testcase classname="com.qa.testcases.LoginPageTest" name="verifyLOGOTest" time="4.161"/>
  <system-out/>
  <testcase classname="com.qa.testcases.LoginPageTest" name="loginTest" time="10.531"/>
  <system-out/>
</testsuite> <!-- com.qa.testcases.LoginPageTest -->
