<?xml version="1.0" encoding="UTF-8"?>
<!-- Generated by org.testng.reporters.JUnitReportReporter -->
<testsuite hostname="LAPTOP-7DJ18U3D" failures="0" tests="2" name="com.qa.testcases.LaptopPageTest" time="23.319" errors="0" timestamp="2022-11-26T16:11:31 IST" skipped="0">
  <testcase classname="com.qa.testcases.LaptopPageTest" name="LaptopPageTitleTest" time="9.068"/>
  <system-out/>
  <testcase classname="com.qa.testcases.LaptopPageTest" name="LaptopPageLClick" time="14.251"/>
  <system-out/>
</testsuite> <!-- com.qa.testcases.LaptopPageTest -->
