<?xml version="1.0" encoding="UTF-8"?>
<!-- Generated by org.testng.reporters.JUnitReportReporter -->
<testsuite hostname="LAPTOP-7DJ18U3D" failures="0" tests="2" name="com.qa.testcases.HomePageTest" time="26.838" errors="0" timestamp="2022-11-26T15:28:49 IST" skipped="0">
  <testcase classname="com.qa.testcases.HomePageTest" name="homePageTitleTest" time="10.060"/>
  <system-out/>
  <testcase classname="com.qa.testcases.HomePageTest" name="HomePageClick" time="16.778"/>
  <system-out/>
</testsuite> <!-- com.qa.testcases.HomePageTest -->
