<?xml version="1.0" encoding="UTF-8"?>
<!-- Generated by org.testng.reporters.JUnitReportReporter -->
<testsuite hostname="LAPTOP-7DJ18U3D" failures="0" tests="2" name="com.qa.testcases.HomePageTest" time="13.361" errors="0" timestamp="2022-11-26T12:15:58 IST" skipped="0">
  <testcase classname="com.qa.testcases.HomePageTest" name="homePageTitleTest" time="3.829"/>
  <system-out/>
  <testcase classname="com.qa.testcases.HomePageTest" name="HomePageClick" time="9.532"/>
  <system-out/>
</testsuite> <!-- com.qa.testcases.HomePageTest -->
