<?xml version="1.0" encoding="UTF-8"?>
<!-- Generated by org.testng.reporters.JUnitReportReporter -->
<testsuite hostname="LAPTOP-7DJ18U3D" failures="0" tests="2" name="com.qa.testcases.DesktopPageTest" time="23.286" errors="0" timestamp="2022-11-26T10:57:21 IST" skipped="0">
  <testcase classname="com.qa.testcases.DesktopPageTest" name="homePageTitleTest" time="5.218"/>
  <system-out/>
  <testcase classname="com.qa.testcases.DesktopPageTest" name="DeskTopPageLaptopClick" time="18.068"/>
  <system-out/>
</testsuite> <!-- com.qa.testcases.DesktopPageTest -->
