<?xml version="1.0" encoding="UTF-8"?>
<!-- Generated by org.testng.reporters.JUnitReportReporter -->
<testsuite hostname="LAPTOP-7DJ18U3D" failures="0" tests="3" name="com.qa.testcases.LoginPageTest" time="23.875" errors="0" timestamp="26 Nov 2022 10:32:00 GMT" skipped="0">
  <testcase classname="com.qa.testcases.LoginPageTest" name="loginPageTitleTest" time="3.050"/>
  <testcase classname="com.qa.testcases.LoginPageTest" name="verifyLOGOTest" time="2.625"/>
  <testcase classname="com.qa.testcases.LoginPageTest" name="loginTest" time="18.200"/>
</testsuite> <!-- com.qa.testcases.LoginPageTest -->
