<?xml version="1.0" encoding="UTF-8"?>
<!-- Generated by org.testng.reporters.JUnitReportReporter -->
<testsuite hostname="LAPTOP-7DJ18U3D" failures="0" tests="2" name="com.qa.testcases.CheckoutPageTest" time="53.357" errors="0" timestamp="26 Nov 2022 10:32:00 GMT" skipped="0">
  <testcase classname="com.qa.testcases.CheckoutPageTest" name="CheckOutPageTitleTest" time="8.537"/>
  <testcase classname="com.qa.testcases.CheckoutPageTest" name="CheckoutPageLAddInformation" time="44.820"/>
</testsuite> <!-- com.qa.testcases.CheckoutPageTest -->
