<?xml version="1.0" encoding="UTF-8"?>
<!-- Generated by org.testng.reporters.JUnitReportReporter -->
<testsuite hostname="LAPTOP-7DJ18U3D" failures="0" tests="2" name="com.qa.testcases.LaptopPageTest" time="25.484" errors="0" timestamp="26 Nov 2022 10:32:00 GMT" skipped="0">
  <testcase classname="com.qa.testcases.LaptopPageTest" name="LaptopPageTitleTest" time="8.906"/>
  <testcase classname="com.qa.testcases.LaptopPageTest" name="LaptopPageLClick" time="16.578"/>
</testsuite> <!-- com.qa.testcases.LaptopPageTest -->
