<?xml version="1.0" encoding="UTF-8"?>
<!-- Generated by org.testng.reporters.JUnitReportReporter -->
<testsuite hostname="LAPTOP-7DJ18U3D" failures="0" tests="2" name="com.qa.testcases.HomePageTest" time="14.134" errors="0" timestamp="26 Nov 2022 10:32:00 GMT" skipped="0">
  <testcase classname="com.qa.testcases.HomePageTest" name="homePageTitleTest" time="4.813"/>
  <testcase classname="com.qa.testcases.HomePageTest" name="HomePageClick" time="9.321"/>
</testsuite> <!-- com.qa.testcases.HomePageTest -->
